<?xml version="1.0" encoding="UTF-8"?>
<coverage generated="1768920248305" clover="3.2.0">
  <project timestamp="1768920248305" name="All files">
    <metrics statements="118" coveredstatements="117" conditionals="24" coveredconditionals="21" methods="45" coveredmethods="44" elements="187" coveredelements="182" complexity="0" loc="118" ncloc="118" packages="2" files="18" classes="18"/>
    <package name="components">
      <metrics statements="79" coveredstatements="79" conditionals="24" coveredconditionals="21" methods="32" coveredmethods="32"/>
      <file name="Body.js" path="C:\Users\Adarsh Kumar\Desktop\React-Journey\src\components\Body.js">
        <metrics statements="23" coveredstatements="23" conditionals="8" coveredconditionals="8" methods="9" coveredmethods="9"/>
        <line num="11" count="4" type="stmt"/>
        <line num="14" count="24" type="stmt"/>
        <line num="16" count="24" type="stmt"/>
        <line num="18" count="24" type="stmt"/>
        <line num="20" count="24" type="stmt"/>
        <line num="22" count="24" type="stmt"/>
        <line num="24" count="24" type="stmt"/>
        <line num="26" count="24" type="stmt"/>
        <line num="27" count="10" type="stmt"/>
        <line num="30" count="24" type="stmt"/>
        <line num="32" count="24" type="cond" truecount="2" falsecount="0"/>
        <line num="34" count="23" type="cond" truecount="2" falsecount="0"/>
        <line num="46" count="1" type="stmt"/>
        <line num="51" count="1" type="stmt"/>
        <line num="52" count="9" type="stmt"/>
        <line num="54" count="1" type="stmt"/>
        <line num="55" count="1" type="stmt"/>
        <line num="65" count="1" type="stmt"/>
        <line num="66" count="9" type="stmt"/>
        <line num="69" count="1" type="stmt"/>
        <line num="71" count="1" type="stmt"/>
        <line num="82" count="1" type="stmt"/>
        <line num="89" count="50" type="stmt"/>
      </file>
      <file name="Cart.js" path="C:\Users\Adarsh Kumar\Desktop\React-Journey\src\components\Cart.js">
        <metrics statements="6" coveredstatements="6" conditionals="2" coveredconditionals="2" methods="3" coveredmethods="3"/>
        <line num="5" count="1" type="stmt"/>
        <line num="6" count="8" type="stmt"/>
        <line num="8" count="4" type="stmt"/>
        <line num="10" count="4" type="stmt"/>
        <line num="11" count="1" type="stmt"/>
        <line num="13" count="4" type="stmt"/>
      </file>
      <file name="Contact.js" path="C:\Users\Adarsh Kumar\Desktop\React-Journey\src\components\Contact.js">
        <metrics statements="2" coveredstatements="2" conditionals="0" coveredconditionals="0" methods="1" coveredmethods="1"/>
        <line num="1" count="1" type="stmt"/>
        <line num="3" count="5" type="stmt"/>
      </file>
      <file name="Header.js" path="C:\Users\Adarsh Kumar\Desktop\React-Journey\src\components\Header.js">
        <metrics statements="10" coveredstatements="10" conditionals="4" coveredconditionals="4" methods="4" coveredmethods="4"/>
        <line num="8" count="3" type="stmt"/>
        <line num="12" count="13" type="stmt"/>
        <line num="14" count="13" type="stmt"/>
        <line num="16" count="13" type="stmt"/>
        <line num="18" count="22" type="stmt"/>
        <line num="19" count="13" type="stmt"/>
        <line num="21" count="13" type="stmt"/>
        <line num="24" count="13" type="stmt"/>
        <line num="58" count="2" type="cond" truecount="2" falsecount="0"/>
        <line num="61" count="2" type="stmt"/>
      </file>
      <file name="Itemlists.js" path="C:\Users\Adarsh Kumar\Desktop\React-Journey\src\components\Itemlists.js">
        <metrics statements="8" coveredstatements="8" conditionals="0" coveredconditionals="0" methods="4" coveredmethods="4"/>
        <line num="5" count="1" type="stmt"/>
        <line num="8" count="7" type="stmt"/>
        <line num="9" count="7" type="stmt"/>
        <line num="11" count="2" type="stmt"/>
        <line num="13" count="2" type="stmt"/>
        <line num="16" count="7" type="stmt"/>
        <line num="19" count="12" type="stmt"/>
        <line num="34" count="2" type="stmt"/>
      </file>
      <file name="RestaurentCard.js" path="C:\Users\Adarsh Kumar\Desktop\React-Journey\src\components\RestaurentCard.js">
        <metrics statements="8" coveredstatements="8" conditionals="0" coveredconditionals="0" methods="3" coveredmethods="3"/>
        <line num="5" count="5" type="stmt"/>
        <line num="9" count="52" type="stmt"/>
        <line num="10" count="52" type="stmt"/>
        <line num="12" count="52" type="stmt"/>
        <line num="13" count="52" type="stmt"/>
        <line num="33" count="5" type="stmt"/>
        <line num="34" count="25" type="stmt"/>
        <line num="35" count="19" type="stmt"/>
      </file>
      <file name="RestaurentCategory.js" path="C:\Users\Adarsh Kumar\Desktop\React-Journey\src\components\RestaurentCategory.js">
        <metrics statements="4" coveredstatements="4" conditionals="2" coveredconditionals="2" methods="2" coveredmethods="2"/>
        <line num="4" count="1" type="stmt"/>
        <line num="7" count="24" type="stmt"/>
        <line num="8" count="3" type="stmt"/>
        <line num="11" count="24" type="stmt"/>
      </file>
      <file name="RestaurentMenu.js" path="C:\Users\Adarsh Kumar\Desktop\React-Journey\src\components\RestaurentMenu.js">
        <metrics statements="14" coveredstatements="14" conditionals="8" coveredconditionals="5" methods="4" coveredmethods="4"/>
        <line num="7" count="1" type="stmt"/>
        <line num="8" count="9" type="stmt"/>
        <line num="10" count="9" type="stmt"/>
        <line num="12" count="9" type="stmt"/>
        <line num="14" count="9" type="stmt"/>
        <line num="16" count="9" type="cond" truecount="2" falsecount="0"/>
        <line num="19" count="6" type="cond" truecount="1" falsecount="1"/>
        <line num="22" count="6" type="cond" truecount="1" falsecount="1"/>
        <line num="26" count="6" type="stmt"/>
        <line num="28" count="30" type="stmt"/>
        <line num="32" count="6" type="stmt"/>
        <line num="34" count="6" type="stmt"/>
        <line num="41" count="24" type="stmt"/>
        <line num="47" count="3" type="cond" truecount="1" falsecount="1"/>
      </file>
      <file name="Shimmer.js" path="C:\Users\Adarsh Kumar\Desktop\React-Journey\src\components\Shimmer.js">
        <metrics statements="2" coveredstatements="2" conditionals="0" coveredconditionals="0" methods="1" coveredmethods="1"/>
        <line num="1" count="5" type="stmt"/>
        <line num="3" count="13" type="stmt"/>
      </file>
      <file name="sum.js" path="C:\Users\Adarsh Kumar\Desktop\React-Journey\src\components\sum.js">
        <metrics statements="2" coveredstatements="2" conditionals="0" coveredconditionals="0" methods="1" coveredmethods="1"/>
        <line num="1" count="1" type="stmt"/>
        <line num="3" count="1" type="stmt"/>
      </file>
    </package>
    <package name="utils">
      <metrics statements="39" coveredstatements="38" conditionals="0" coveredconditionals="0" methods="13" coveredmethods="12"/>
      <file name="UserContext.js" path="C:\Users\Adarsh Kumar\Desktop\React-Journey\src\utils\UserContext.js">
        <metrics statements="1" coveredstatements="1" conditionals="0" coveredconditionals="0" methods="0" coveredmethods="0"/>
        <line num="4" count="8" type="stmt"/>
      </file>
      <file name="appStore.js" path="C:\Users\Adarsh Kumar\Desktop\React-Journey\src\utils\appStore.js">
        <metrics statements="1" coveredstatements="1" conditionals="0" coveredconditionals="0" methods="0" coveredmethods="0"/>
        <line num="5" count="3" type="stmt"/>
      </file>
      <file name="cartSlice.js" path="C:\Users\Adarsh Kumar\Desktop\React-Journey\src\utils\cartSlice.js">
        <metrics statements="5" coveredstatements="4" conditionals="0" coveredconditionals="0" methods="3" coveredmethods="2"/>
        <line num="4" count="3" type="stmt"/>
        <line num="13" count="2" type="stmt"/>
        <line num="16" count="0" type="stmt"/>
        <line num="23" count="1" type="stmt"/>
        <line num="30" count="3" type="stmt"/>
      </file>
      <file name="constants.js" path="C:\Users\Adarsh Kumar\Desktop\React-Journey\src\utils\constants.js">
        <metrics statements="4" coveredstatements="4" conditionals="0" coveredconditionals="0" methods="0" coveredmethods="0"/>
        <line num="1" count="8" type="stmt"/>
        <line num="3" count="8" type="stmt"/>
        <line num="5" count="8" type="stmt"/>
        <line num="7" count="8" type="stmt"/>
      </file>
      <file name="mockData.js" path="C:\Users\Adarsh Kumar\Desktop\React-Journey\src\utils\mockData.js">
        <metrics statements="1" coveredstatements="1" conditionals="0" coveredconditionals="0" methods="0" coveredmethods="0"/>
        <line num="1" count="4" type="stmt"/>
      </file>
      <file name="useOnlineStatus.js" path="C:\Users\Adarsh Kumar\Desktop\React-Journey\src\utils\useOnlineStatus.js">
        <metrics statements="8" coveredstatements="8" conditionals="0" coveredconditionals="0" methods="4" coveredmethods="4"/>
        <line num="3" count="7" type="stmt"/>
        <line num="4" count="37" type="stmt"/>
        <line num="6" count="37" type="stmt"/>
        <line num="7" count="11" type="stmt"/>
        <line num="8" count="2" type="stmt"/>
        <line num="11" count="11" type="stmt"/>
        <line num="12" count="1" type="stmt"/>
        <line num="16" count="37" type="stmt"/>
      </file>
      <file name="useRestaurentMenu.js" path="C:\Users\Adarsh Kumar\Desktop\React-Journey\src\utils\useRestaurentMenu.js">
        <metrics statements="9" coveredstatements="9" conditionals="0" coveredconditionals="0" methods="3" coveredmethods="3"/>
        <line num="4" count="1" type="stmt"/>
        <line num="6" count="9" type="stmt"/>
        <line num="9" count="9" type="stmt"/>
        <line num="11" count="3" type="stmt"/>
        <line num="14" count="9" type="stmt"/>
        <line num="16" count="3" type="stmt"/>
        <line num="17" count="3" type="stmt"/>
        <line num="18" count="3" type="stmt"/>
        <line num="22" count="9" type="stmt"/>
      </file>
      <file name="uselistofRestaurents.js" path="C:\Users\Adarsh Kumar\Desktop\React-Journey\src\utils\uselistofRestaurents.js">
        <metrics statements="10" coveredstatements="10" conditionals="0" coveredconditionals="0" methods="3" coveredmethods="3"/>
        <line num="3" count="4" type="stmt"/>
        <line num="4" count="24" type="stmt"/>
        <line num="6" count="24" type="stmt"/>
        <line num="7" count="5" type="stmt"/>
        <line num="10" count="24" type="stmt"/>
        <line num="11" count="5" type="stmt"/>
        <line num="12" count="5" type="stmt"/>
        <line num="14" count="5" type="stmt"/>
        <line num="16" count="5" type="stmt"/>
        <line num="22" count="24" type="stmt"/>
      </file>
    </package>
  </project>
</coverage>
