<?xml version="1.0" encoding="UTF-8"?>
<coverage generated="1768842309055" clover="3.2.0">
  <project timestamp="1768842309055" name="All files">
    <metrics statements="23" coveredstatements="22" conditionals="6" coveredconditionals="5" methods="9" coveredmethods="8" elements="38" coveredelements="35" complexity="0" loc="23" ncloc="23" packages="1" files="1" classes="1"/>
    <file name="Body.js" path="C:\Users\Adarsh Kumar\Desktop\React-Journey\src\components\Body.js">
      <metrics statements="23" coveredstatements="22" conditionals="6" coveredconditionals="5" methods="9" coveredmethods="8"/>
      <line num="11" count="1" type="stmt"/>
      <line num="14" count="11" type="stmt"/>
      <line num="16" count="11" type="stmt"/>
      <line num="18" count="11" type="stmt"/>
      <line num="20" count="11" type="stmt"/>
      <line num="22" count="11" type="stmt"/>
      <line num="24" count="11" type="stmt"/>
      <line num="26" count="11" type="stmt"/>
      <line num="27" count="4" type="stmt"/>
      <line num="30" count="11" type="stmt"/>
      <line num="32" count="11" type="cond" truecount="1" falsecount="1"/>
      <line num="34" count="11" type="cond" truecount="2" falsecount="0"/>
      <line num="46" count="1" type="stmt"/>
      <line num="51" count="1" type="stmt"/>
      <line num="52" count="9" type="stmt"/>
      <line num="54" count="1" type="stmt"/>
      <line num="55" count="1" type="stmt"/>
      <line num="65" count="1" type="stmt"/>
      <line num="66" count="9" type="stmt"/>
      <line num="69" count="1" type="stmt"/>
      <line num="71" count="1" type="stmt"/>
      <line num="82" count="0" type="stmt"/>
      <line num="89" count="32" type="stmt"/>
    </file>
  </project>
</coverage>
