{"C:\\Users\\Adarsh Kumar\\Desktop\\React-Journey\\src\\components\\Contact.js": {"path":"C:\\Users\\Adarsh Kumar\\Desktop\\React-Journey\\src\\components\\Contact.js","statementMap":{"0":{"start":{"line":1,"column":16},"end":{"line":16,"column":1}},"1":{"start":{"line":3,"column":4},"end":{"line":15,"column":5}}},"fnMap":{"0":{"name":"(anonymous_0)","decl":{"start":{"line":1,"column":16},"end":{"line":1,"column":17}},"loc":{"start":{"line":1,"column":21},"end":{"line":16,"column":1}},"line":1}},"branchMap":{},"s":{"0":1,"1":1},"f":{"0":1},"b":{},"_coverageSchema":"1a1c01bbd47fc00a2c39e90264f33305004495a9","hash":"db0c22f8932fef9bca213ac75571789bee7c225d"}
,"C:\\Users\\Adarsh Kumar\\Desktop\\React-Journey\\src\\components\\sum.js": {"path":"C:\\Users\\Adarsh Kumar\\Desktop\\React-Journey\\src\\components\\sum.js","statementMap":{"0":{"start":{"line":1,"column":19},"end":{"line":4,"column":1}},"1":{"start":{"line":3,"column":4},"end":{"line":3,"column":17}}},"fnMap":{"0":{"name":"(anonymous_0)","decl":{"start":{"line":1,"column":19},"end":{"line":1,"column":20}},"loc":{"start":{"line":1,"column":26},"end":{"line":4,"column":1}},"line":1}},"branchMap":{},"s":{"0":1,"1":1},"f":{"0":1},"b":{},"_coverageSchema":"1a1c01bbd47fc00a2c39e90264f33305004495a9","hash":"8ef19dcc9455807b3460b7bf512f7b92612c3903"}
}
