{"C:\\Users\\Adarsh Kumar\\Desktop\\React-Journey\\src\\components\\Header.js": {"path":"C:\\Users\\Adarsh Kumar\\Desktop\\React-Journey\\src\\components\\Header.js","statementMap":{"0":{"start":{"line":8,"column":15},"end":{"line":72,"column":1}},"1":{"start":{"line":12,"column":27},"end":{"line":12,"column":50}},"2":{"start":{"line":14,"column":42},"end":{"line":14,"column":59}},"3":{"start":{"line":16,"column":23},"end":{"line":16,"column":40}},"4":{"start":{"line":18,"column":20},"end":{"line":18,"column":60}},"5":{"start":{"line":18,"column":43},"end":{"line":18,"column":59}},"6":{"start":{"line":19,"column":2},"end":{"line":19,"column":25}},"7":{"start":{"line":21,"column":2},"end":{"line":23,"column":21}},"8":{"start":{"line":24,"column":2},"end":{"line":71,"column":4}},"9":{"start":{"line":58,"column":14},"end":{"line":60,"column":43}},"10":{"start":{"line":61,"column":14},"end":{"line":61,"column":40}}},"fnMap":{"0":{"name":"(anonymous_0)","decl":{"start":{"line":8,"column":15},"end":{"line":8,"column":16}},"loc":{"start":{"line":8,"column":21},"end":{"line":72,"column":1}},"line":8},"1":{"name":"(anonymous_1)","decl":{"start":{"line":18,"column":32},"end":{"line":18,"column":33}},"loc":{"start":{"line":18,"column":43},"end":{"line":18,"column":59}},"line":18},"2":{"name":"(anonymous_2)","decl":{"start":{"line":21,"column":12},"end":{"line":21,"column":13}},"loc":{"start":{"line":21,"column":18},"end":{"line":23,"column":3}},"line":21},"3":{"name":"(anonymous_3)","decl":{"start":{"line":57,"column":21},"end":{"line":57,"column":22}},"loc":{"start":{"line":57,"column":27},"end":{"line":62,"column":13}},"line":57}},"branchMap":{"0":{"loc":{"start":{"line":33,"column":28},"end":{"line":33,"column":54}},"type":"cond-expr","locations":[{"start":{"line":33,"column":43},"end":{"line":33,"column":47}},{"start":{"line":33,"column":50},"end":{"line":33,"column":54}}],"line":33},"1":{"loc":{"start":{"line":58,"column":14},"end":{"line":60,"column":42}},"type":"cond-expr","locations":[{"start":{"line":59,"column":18},"end":{"line":59,"column":43}},{"start":{"line":60,"column":18},"end":{"line":60,"column":42}}],"line":58}},"s":{"0":1,"1":3,"2":3,"3":3,"4":3,"5":4,"6":3,"7":3,"8":3,"9":0,"10":0},"f":{"0":3,"1":4,"2":1,"3":0},"b":{"0":[2,1],"1":[0,0]},"_coverageSchema":"1a1c01bbd47fc00a2c39e90264f33305004495a9","hash":"d603e6f2c79ebfba228bbc6d3f69eefaa43b1a49"}
,"C:\\Users\\Adarsh Kumar\\Desktop\\React-Journey\\src\\utils\\appStore.js": {"path":"C:\\Users\\Adarsh Kumar\\Desktop\\React-Journey\\src\\utils\\appStore.js","statementMap":{"0":{"start":{"line":5,"column":17},"end":{"line":10,"column":2}}},"fnMap":{},"branchMap":{},"s":{"0":1},"f":{},"b":{},"_coverageSchema":"1a1c01bbd47fc00a2c39e90264f33305004495a9","hash":"3684c5a6a6fb149e31eb9fdeb066b762bda30ed3"}
}
