TN:
SF:src\components\Body.js
FN:11,(anonymous_0)
FN:26,(anonymous_1)
FN:46,(anonymous_2)
FN:50,(anonymous_3)
FN:51,(anonymous_4)
FN:64,(anonymous_5)
FN:66,(anonymous_6)
FN:82,(anonymous_7)
FN:88,(anonymous_8)
FNF:9
FNH:6
FNDA:6,(anonymous_0)
FNDA:2,(anonymous_1)
FNDA:1,(anonymous_2)
FNDA:1,(anonymous_3)
FNDA:9,(anonymous_4)
FNDA:0,(anonymous_5)
FNDA:0,(anonymous_6)
FNDA:0,(anonymous_7)
FNDA:20,(anonymous_8)
DA:11,1
DA:14,6
DA:16,6
DA:18,6
DA:20,6
DA:22,6
DA:24,6
DA:26,6
DA:27,2
DA:30,6
DA:32,6
DA:34,6
DA:46,1
DA:51,1
DA:52,9
DA:54,1
DA:55,1
DA:65,0
DA:66,0
DA:69,0
DA:71,0
DA:82,0
DA:89,20
LF:23
LH:18
BRDA:32,0,0,0
BRDA:32,0,1,6
BRDA:34,1,0,2
BRDA:34,1,1,4
BRDA:94,2,0,7
BRDA:94,2,1,13
BRF:6
BRH:5
end_of_record
