TN:
SF:src\components\Body.js
FN:11,(anonymous_0)
FN:26,(anonymous_1)
FN:45,(anonymous_2)
FN:49,(anonymous_3)
FN:50,(anonymous_4)
FN:63,(anonymous_5)
FN:65,(anonymous_6)
FN:81,(anonymous_7)
FN:87,(anonymous_8)
FNF:9
FNH:3
FNDA:4,(anonymous_0)
FNDA:2,(anonymous_1)
FNDA:0,(anonymous_2)
FNDA:0,(anonymous_3)
FNDA:0,(anonymous_4)
FNDA:0,(anonymous_5)
FNDA:0,(anonymous_6)
FNDA:0,(anonymous_7)
FNDA:9,(anonymous_8)
DA:11,1
DA:14,4
DA:16,4
DA:18,4
DA:20,4
DA:22,4
DA:24,4
DA:26,4
DA:27,2
DA:30,4
DA:32,4
DA:35,4
DA:45,0
DA:50,0
DA:51,0
DA:53,0
DA:54,0
DA:64,0
DA:65,0
DA:68,0
DA:70,0
DA:81,0
DA:88,9
LF:23
LH:13
BRDA:32,0,0,0
BRDA:32,0,1,4
BRDA:35,1,0,2
BRDA:35,1,1,2
BRDA:35,2,0,4
BRDA:35,2,1,2
BRDA:93,3,0,3
BRDA:93,3,1,6
BRF:8
BRH:7
end_of_record
TN:
SF:src\components\RestaurentCard.js
FN:5,(anonymous_0)
FN:35,(anonymous_1)
FN:36,(anonymous_2)
FNF:3
FNH:3
FNDA:11,(anonymous_0)
FNDA:5,(anonymous_1)
FNDA:4,(anonymous_2)
DA:5,2
DA:9,11
DA:10,11
DA:12,11
DA:13,11
DA:35,2
DA:36,5
DA:37,4
LF:8
LH:8
BRF:0
BRH:0
end_of_record
